<?xml version="1.0" encoding="UTF-8"?>
<!-- Generated by org.testng.reporters.JUnitXMLReporter -->
<testsuite ignored="0" hostname="DESKTOP-NB4I6K9" failures="1" tests="14" name="Zygal Connect Mobile App Test Cases" time="15.416" errors="0" timestamp="2025-04-03T12:08:03 IST">
  <testcase classname="Test.loginPageTest" name="loginWithValidCredentialsTest" time="10.238"/>
  <testcase classname="Test.loginPageTest" name="loginWithInvalidCredentialsTest" time="4.9"/>
  <testcase classname="Test.loginPageTest" name="verifyEmptyUserEmail" time="0.025">
    <failure type="org.openqa.selenium.NoSuchElementException" message="no such element: Unable to locate element: {&amp;quot;method&amp;quot;:&amp;quot;xpath&amp;quot;,&amp;quot;selector&amp;quot;:&amp;quot;//button[@id=&amp;apos;loginButton&amp;apos;]&amp;quot;}
  (Session info: chrome=134.0.6998.179)
For documentation on this error, please visit: https://www.selenium.dev/documentation/webdriver/troubleshooting/errors#no-such-element-exception
Build info: version: &amp;apos;4.29.0&amp;apos;, revision: &amp;apos;5fc1ec94cb&amp;apos;
System info: os.name: &amp;apos;Windows 10&amp;apos;, os.arch: &amp;apos;amd64&amp;apos;, os.version: &amp;apos;10.0&amp;apos;, java.version: &amp;apos;23.0.1&amp;apos;
Driver info: org.openqa.selenium.chrome.ChromeDriver
Command: [81ec64fa8daf30c077d70ca098674836, findElement {value=//button[@id=&amp;apos;loginButton&amp;apos;], using=xpath}]
Capabilities {acceptInsecureCerts: false, browserName: chrome, browserVersion: 134.0.6998.179, chrome: {chromedriverVersion: 134.0.6998.165 (fd886e2cb29..., userDataDir: C:\Users\Admin\AppData\Loca...}, fedcm:accounts: true, goog:chromeOptions: {debuggerAddress: localhost:49661}, networkConnectionEnabled: false, pageLoadStrategy: normal, platformName: windows, proxy: Proxy(), se:cdp: ws://localhost:49661/devtoo..., se:cdpVersion: 134.0.6998.179, setWindowRect: true, strictFileInteractability: false, timeouts: {implicit: 0, pageLoad: 300000, script: 30000}, unhandledPromptBehavior: dismiss and notify, webauthn:extension:credBlob: true, webauthn:extension:largeBlob: true, webauthn:extension:minPinLength: true, webauthn:extension:prf: true, webauthn:virtualAuthenticators: true}
Session ID: 81ec64fa8daf30c077d70ca098674836">
      <![CDATA[org.openqa.selenium.NoSuchElementException: no such element: Unable to locate element: {"method":"xpath","selector":"//button[@id='loginButton']"}
  (Session info: chrome=134.0.6998.179)
For documentation on this error, please visit: https://www.selenium.dev/documentation/webdriver/troubleshooting/errors#no-such-element-exception
Build info: version: '4.29.0', revision: '5fc1ec94cb'
System info: os.name: 'Windows 10', os.arch: 'amd64', os.version: '10.0', java.version: '23.0.1'
Driver info: org.openqa.selenium.chrome.ChromeDriver
Command: [81ec64fa8daf30c077d70ca098674836, findElement {value=//button[@id='loginButton'], using=xpath}]
Capabilities {acceptInsecureCerts: false, browserName: chrome, browserVersion: 134.0.6998.179, chrome: {chromedriverVersion: 134.0.6998.165 (fd886e2cb29..., userDataDir: C:\Users\Admin\AppData\Loca...}, fedcm:accounts: true, goog:chromeOptions: {debuggerAddress: localhost:49661}, networkConnectionEnabled: false, pageLoadStrategy: normal, platformName: windows, proxy: Proxy(), se:cdp: ws://localhost:49661/devtoo..., se:cdpVersion: 134.0.6998.179, setWindowRect: true, strictFileInteractability: false, timeouts: {implicit: 0, pageLoad: 300000, script: 30000}, unhandledPromptBehavior: dismiss and notify, webauthn:extension:credBlob: true, webauthn:extension:largeBlob: true, webauthn:extension:minPinLength: true, webauthn:extension:prf: true, webauthn:virtualAuthenticators: true}
Session ID: 81ec64fa8daf30c077d70ca098674836
at org.openqa.selenium.remote.ErrorCodec.decode(ErrorCodec.java:167)
at org.openqa.selenium.remote.codec.w3c.W3CHttpResponseCodec.decode(W3CHttpResponseCodec.java:138)
at org.openqa.selenium.remote.codec.w3c.W3CHttpResponseCodec.decode(W3CHttpResponseCodec.java:50)
at org.openqa.selenium.remote.HttpCommandExecutor.execute(HttpCommandExecutor.java:215)
at org.openqa.selenium.remote.service.DriverCommandExecutor.invokeExecute(DriverCommandExecutor.java:216)
at org.openqa.selenium.remote.service.DriverCommandExecutor.execute(DriverCommandExecutor.java:174)
at org.openqa.selenium.remote.RemoteWebDriver.execute(RemoteWebDriver.java:545)
at org.openqa.selenium.remote.ElementLocation$ElementFinder$2.findElement(ElementLocation.java:165)
at org.openqa.selenium.remote.ElementLocation.findElement(ElementLocation.java:59)
at org.openqa.selenium.remote.RemoteWebDriver.findElement(RemoteWebDriver.java:368)
at org.openqa.selenium.remote.RemoteWebDriver.findElement(RemoteWebDriver.java:362)
at org.openqa.selenium.support.pagefactory.DefaultElementLocator.findElement(DefaultElementLocator.java:68)
at org.openqa.selenium.support.pagefactory.internal.LocatingElementHandler.invoke(LocatingElementHandler.java:38)
at jdk.proxy2/jdk.proxy2.$Proxy10.click(Unknown Source)
at POM.loginPage.clickOnGetOTP(loginPage.java:123)
at Test.loginPageTest.verifyEmptyUserEmail(loginPageTest.java:96)
at java.base/java.util.ArrayList.forEach(ArrayList.java:1597)
... Removed 28 stack frames]]>
    </failure>
  </testcase> <!-- verifyEmptyUserEmail -->
  <testcase classname="Test.loginPageTest" name="loginWithInvalidEmail" time="0.0">
    <skipped/>
  </testcase> <!-- loginWithInvalidEmail -->
  <testcase classname="Test.loginPageTest" name="loginWithNotRegisteredEmail" time="0.0">
    <skipped/>
  </testcase> <!-- loginWithNotRegisteredEmail -->
  <testcase classname="Test.loginPageTest" name="verifyAdminViewerLoginBlock" time="0.0">
    <skipped/>
  </testcase> <!-- verifyAdminViewerLoginBlock -->
  <testcase classname="Test.loginPageTest" name="loginwithWrongOTP" time="0.001">
    <skipped/>
  </testcase> <!-- loginwithWrongOTP -->
  <testcase classname="Test.loginPageTest" name="verifySameEmailOnOtpPage" time="0.001">
    <skipped/>
  </testcase> <!-- verifySameEmailOnOtpPage -->
  <testcase classname="Test.loginPageTest" name="verifyAccountBlock" time="0.0">
    <skipped/>
  </testcase> <!-- verifyAccountBlock -->
  <testcase classname="Test.loginPageTest" name="verifyGoToSignPage" time="0.001">
    <skipped/>
  </testcase> <!-- verifyGoToSignPage -->
  <testcase classname="Test.loginPageTest" name="verifyAccountBlockOnGetOtpPage" time="0.0">
    <skipped/>
  </testcase> <!-- verifyAccountBlockOnGetOtpPage -->
  <testcase classname="Test.loginPageTest" name="verifyResendOTP" time="0.0">
    <skipped/>
  </testcase> <!-- verifyResendOTP -->
  <testcase classname="Test.loginPageTest" name="verifyAccountBlockOnResendOtp" time="0.0">
    <skipped/>
  </testcase> <!-- verifyAccountBlockOnResendOtp -->
  <testcase classname="Test.homePageTest" name="verifyHomePageLoads" time="0.094"/>
</testsuite> <!-- Zygal Connect Mobile App Test Cases -->
